<?xml version="1.0" encoding="UTF-8"?>
<coverage generated="1680645581908" clover="3.2.0">
  <project timestamp="1680645581908" name="All files">
    <metrics statements="90" coveredstatements="78" conditionals="10" coveredconditionals="6" methods="18" coveredmethods="15" elements="118" coveredelements="99" complexity="0" loc="90" ncloc="90" packages="5" files="13" classes="13"/>
    <package name="src">
      <metrics statements="16" coveredstatements="9" conditionals="0" coveredconditionals="0" methods="1" coveredmethods="1"/>
      <file name="App.tsx" path="C:\Users\sereg\OneDrive\Рабочий стол\first_task_react_rs-school\Components\src\App.tsx">
        <metrics statements="9" coveredstatements="9" conditionals="0" coveredconditionals="0" methods="1" coveredmethods="1"/>
        <line num="1" count="1" type="stmt"/>
        <line num="2" count="1" type="stmt"/>
        <line num="3" count="1" type="stmt"/>
        <line num="4" count="1" type="stmt"/>
        <line num="5" count="1" type="stmt"/>
        <line num="6" count="1" type="stmt"/>
        <line num="7" count="1" type="stmt"/>
        <line num="10" count="6" type="stmt"/>
        <line num="32" count="1" type="stmt"/>
      </file>
      <file name="main.tsx" path="C:\Users\sereg\OneDrive\Рабочий стол\first_task_react_rs-school\Components\src\main.tsx">
        <metrics statements="7" coveredstatements="0" conditionals="0" coveredconditionals="0" methods="0" coveredmethods="0"/>
        <line num="1" count="0" type="stmt"/>
        <line num="2" count="0" type="stmt"/>
        <line num="3" count="0" type="stmt"/>
        <line num="4" count="0" type="stmt"/>
        <line num="5" count="0" type="stmt"/>
        <line num="6" count="0" type="stmt"/>
        <line num="8" count="0" type="stmt"/>
      </file>
    </package>
    <package name="src.pages.aboutUs">
      <metrics statements="3" coveredstatements="3" conditionals="0" coveredconditionals="0" methods="1" coveredmethods="1"/>
      <file name="about.tsx" path="C:\Users\sereg\OneDrive\Рабочий стол\first_task_react_rs-school\Components\src\pages\aboutUs\about.tsx">
        <metrics statements="3" coveredstatements="3" conditionals="0" coveredconditionals="0" methods="1" coveredmethods="1"/>
        <line num="1" count="1" type="stmt"/>
        <line num="2" count="1" type="stmt"/>
        <line num="13" count="1" type="stmt"/>
      </file>
    </package>
    <package name="src.pages.form">
      <metrics statements="28" coveredstatements="23" conditionals="3" coveredconditionals="0" methods="7" coveredmethods="4"/>
      <file name="Select.tsx" path="C:\Users\sereg\OneDrive\Рабочий стол\first_task_react_rs-school\Components\src\pages\form\Select.tsx">
        <metrics statements="5" coveredstatements="5" conditionals="0" coveredconditionals="0" methods="1" coveredmethods="1"/>
        <line num="1" count="1" type="stmt"/>
        <line num="3" count="1" type="stmt"/>
        <line num="5" count="1" type="stmt"/>
        <line num="7" count="15" type="stmt"/>
        <line num="21" count="1" type="stmt"/>
      </file>
      <file name="auth.tsx" path="C:\Users\sereg\OneDrive\Рабочий стол\first_task_react_rs-school\Components\src\pages\form\auth.tsx">
        <metrics statements="16" coveredstatements="12" conditionals="1" coveredconditionals="0" methods="4" coveredmethods="2"/>
        <line num="285" count="1" type="stmt"/>
        <line num="286" count="1" type="stmt"/>
        <line num="287" count="1" type="stmt"/>
        <line num="288" count="1" type="stmt"/>
        <line num="289" count="1" type="stmt"/>
        <line num="299" count="16" type="stmt"/>
        <line num="300" count="15" type="stmt"/>
        <line num="302" count="15" type="stmt"/>
        <line num="303" count="0" type="stmt"/>
        <line num="304" count="0" type="stmt"/>
        <line num="305" count="0" type="stmt"/>
        <line num="320" count="15" type="stmt"/>
        <line num="321" count="15" type="cond" truecount="0" falsecount="1"/>
        <line num="324" count="15" type="stmt"/>
        <line num="424" count="0" type="stmt"/>
        <line num="430" count="1" type="stmt"/>
      </file>
      <file name="form.tsx" path="C:\Users\sereg\OneDrive\Рабочий стол\first_task_react_rs-school\Components\src\pages\form\form.tsx">
        <metrics statements="4" coveredstatements="4" conditionals="0" coveredconditionals="0" methods="1" coveredmethods="1"/>
        <line num="1" count="1" type="stmt"/>
        <line num="3" count="1" type="stmt"/>
        <line num="4" count="1" type="stmt"/>
        <line num="11" count="1" type="stmt"/>
      </file>
      <file name="submitedForm.tsx" path="C:\Users\sereg\OneDrive\Рабочий стол\first_task_react_rs-school\Components\src\pages\form\submitedForm.tsx">
        <metrics statements="3" coveredstatements="2" conditionals="2" coveredconditionals="0" methods="1" coveredmethods="0"/>
        <line num="3" count="1" type="stmt"/>
        <line num="6" count="0" type="stmt"/>
        <line num="35" count="1" type="stmt"/>
      </file>
    </package>
    <package name="src.pages.home">
      <metrics statements="39" coveredstatements="39" conditionals="7" coveredconditionals="6" methods="8" coveredmethods="8"/>
      <file name="cardClass.tsx" path="C:\Users\sereg\OneDrive\Рабочий стол\first_task_react_rs-school\Components\src\pages\home\cardClass.tsx">
        <metrics statements="22" coveredstatements="22" conditionals="7" coveredconditionals="6" methods="4" coveredmethods="4"/>
        <line num="1" count="1" type="stmt"/>
        <line num="2" count="1" type="stmt"/>
        <line num="3" count="1" type="stmt"/>
        <line num="4" count="1" type="stmt"/>
        <line num="5" count="1" type="stmt"/>
        <line num="8" count="1" type="stmt"/>
        <line num="9" count="19" type="stmt"/>
        <line num="10" count="18" type="stmt"/>
        <line num="12" count="18" type="stmt"/>
        <line num="13" count="8" type="cond" truecount="1" falsecount="1"/>
        <line num="14" count="8" type="stmt"/>
        <line num="15" count="8" type="stmt"/>
        <line num="18" count="18" type="stmt"/>
        <line num="19" count="2" type="stmt"/>
        <line num="20" count="2" type="stmt"/>
        <line num="21" count="32" type="stmt"/>
        <line num="29" count="2" type="stmt"/>
        <line num="30" count="2" type="stmt"/>
        <line num="31" count="2" type="stmt"/>
        <line num="32" count="2" type="stmt"/>
        <line num="35" count="18" type="stmt"/>
        <line num="53" count="1" type="stmt"/>
      </file>
      <file name="data.tsx" path="C:\Users\sereg\OneDrive\Рабочий стол\first_task_react_rs-school\Components\src\pages\home\data.tsx">
        <metrics statements="3" coveredstatements="3" conditionals="0" coveredconditionals="0" methods="0" coveredmethods="0"/>
        <line num="1" count="1" type="stmt"/>
        <line num="577" count="1" type="stmt"/>
        <line num="578" count="1" type="stmt"/>
      </file>
      <file name="home.tsx" path="C:\Users\sereg\OneDrive\Рабочий стол\first_task_react_rs-school\Components\src\pages\home\home.tsx">
        <metrics statements="4" coveredstatements="4" conditionals="0" coveredconditionals="0" methods="1" coveredmethods="1"/>
        <line num="1" count="1" type="stmt"/>
        <line num="3" count="1" type="stmt"/>
        <line num="4" count="5" type="stmt"/>
        <line num="11" count="1" type="stmt"/>
      </file>
      <file name="item.tsx" path="C:\Users\sereg\OneDrive\Рабочий стол\first_task_react_rs-school\Components\src\pages\home\item.tsx">
        <metrics statements="4" coveredstatements="4" conditionals="0" coveredconditionals="0" methods="1" coveredmethods="1"/>
        <line num="1" count="1" type="stmt"/>
        <line num="4" count="1" type="stmt"/>
        <line num="6" count="214" type="stmt"/>
        <line num="21" count="1" type="stmt"/>
      </file>
      <file name="items.tsx" path="C:\Users\sereg\OneDrive\Рабочий стол\first_task_react_rs-school\Components\src\pages\home\items.tsx">
        <metrics statements="6" coveredstatements="6" conditionals="0" coveredconditionals="0" methods="2" coveredmethods="2"/>
        <line num="1" count="1" type="stmt"/>
        <line num="3" count="1" type="stmt"/>
        <line num="5" count="1" type="stmt"/>
        <line num="7" count="18" type="stmt"/>
        <line num="10" count="213" type="stmt"/>
        <line num="17" count="1" type="stmt"/>
      </file>
    </package>
    <package name="src.pages.notFound">
      <metrics statements="4" coveredstatements="4" conditionals="0" coveredconditionals="0" methods="1" coveredmethods="1"/>
      <file name="notfoundpage.tsx" path="C:\Users\sereg\OneDrive\Рабочий стол\first_task_react_rs-school\Components\src\pages\notFound\notfoundpage.tsx">
        <metrics statements="4" coveredstatements="4" conditionals="0" coveredconditionals="0" methods="1" coveredmethods="1"/>
        <line num="1" count="1" type="stmt"/>
        <line num="2" count="1" type="stmt"/>
        <line num="3" count="1" type="stmt"/>
        <line num="10" count="1" type="stmt"/>
      </file>
    </package>
  </project>
</coverage>
