<?xml version="1.0" encoding="UTF-8"?>
<coverage generated="1680382931832" clover="3.2.0">
  <project timestamp="1680382931832" name="All files">
    <metrics statements="121" coveredstatements="108" conditionals="31" coveredconditionals="20" methods="28" coveredmethods="26" elements="180" coveredelements="154" complexity="0" loc="121" ncloc="121" packages="5" files="11" classes="11"/>
    <package name="src">
      <metrics statements="16" coveredstatements="9" conditionals="0" coveredconditionals="0" methods="1" coveredmethods="1"/>
      <file name="App.tsx" path="C:\Users\sereg\OneDrive\Рабочий стол\first_task_react_rs-school\Components\src\App.tsx">
        <metrics statements="9" coveredstatements="9" conditionals="0" coveredconditionals="0" methods="1" coveredmethods="1"/>
        <line num="1" count="1" type="stmt"/>
        <line num="2" count="1" type="stmt"/>
        <line num="3" count="1" type="stmt"/>
        <line num="4" count="1" type="stmt"/>
        <line num="5" count="1" type="stmt"/>
        <line num="6" count="1" type="stmt"/>
        <line num="7" count="1" type="stmt"/>
        <line num="10" count="6" type="stmt"/>
        <line num="32" count="1" type="stmt"/>
      </file>
      <file name="main.tsx" path="C:\Users\sereg\OneDrive\Рабочий стол\first_task_react_rs-school\Components\src\main.tsx">
        <metrics statements="7" coveredstatements="0" conditionals="0" coveredconditionals="0" methods="0" coveredmethods="0"/>
        <line num="1" count="0" type="stmt"/>
        <line num="2" count="0" type="stmt"/>
        <line num="3" count="0" type="stmt"/>
        <line num="4" count="0" type="stmt"/>
        <line num="5" count="0" type="stmt"/>
        <line num="6" count="0" type="stmt"/>
        <line num="8" count="0" type="stmt"/>
      </file>
    </package>
    <package name="src.pages.aboutUs">
      <metrics statements="3" coveredstatements="3" conditionals="0" coveredconditionals="0" methods="1" coveredmethods="1"/>
      <file name="about.tsx" path="C:\Users\sereg\OneDrive\Рабочий стол\first_task_react_rs-school\Components\src\pages\aboutUs\about.tsx">
        <metrics statements="3" coveredstatements="3" conditionals="0" coveredconditionals="0" methods="1" coveredmethods="1"/>
        <line num="1" count="1" type="stmt"/>
        <line num="2" count="1" type="stmt"/>
        <line num="13" count="1" type="stmt"/>
      </file>
    </package>
    <package name="src.pages.form">
      <metrics statements="59" coveredstatements="53" conditionals="24" coveredconditionals="14" methods="17" coveredmethods="15"/>
      <file name="auth.tsx" path="C:\Users\sereg\OneDrive\Рабочий стол\first_task_react_rs-school\Components\src\pages\form\auth.tsx">
        <metrics statements="55" coveredstatements="49" conditionals="24" coveredconditionals="14" methods="16" coveredmethods="14"/>
        <line num="1" count="1" type="stmt"/>
        <line num="2" count="1" type="stmt"/>
        <line num="20" count="1" type="stmt"/>
        <line num="21" count="29" type="stmt"/>
        <line num="22" count="29" type="stmt"/>
        <line num="33" count="29" type="stmt"/>
        <line num="35" count="29" type="stmt"/>
        <line num="37" count="29" type="stmt"/>
        <line num="38" count="9" type="stmt"/>
        <line num="39" count="9" type="cond" truecount="2" falsecount="0"/>
        <line num="40" count="1" type="stmt"/>
        <line num="41" count="1" type="stmt"/>
        <line num="46" count="8" type="stmt"/>
        <line num="53" count="29" type="stmt"/>
        <line num="54" count="1" type="stmt"/>
        <line num="55" count="1" type="cond" truecount="1" falsecount="0"/>
        <line num="56" count="1" type="stmt"/>
        <line num="64" count="29" type="stmt"/>
        <line num="65" count="4" type="stmt"/>
        <line num="67" count="4" type="stmt"/>
        <line num="69" count="4" type="cond" truecount="1" falsecount="0"/>
        <line num="70" count="2" type="stmt"/>
        <line num="72" count="4" type="cond" truecount="1" falsecount="0"/>
        <line num="73" count="2" type="stmt"/>
        <line num="75" count="4" type="cond" truecount="1" falsecount="0"/>
        <line num="76" count="2" type="stmt"/>
        <line num="78" count="4" type="cond" truecount="1" falsecount="0"/>
        <line num="79" count="3" type="stmt"/>
        <line num="81" count="4" type="cond" truecount="1" falsecount="0"/>
        <line num="82" count="3" type="stmt"/>
        <line num="84" count="4" type="cond" truecount="1" falsecount="0"/>
        <line num="85" count="3" type="stmt"/>
        <line num="87" count="4" type="cond" truecount="1" falsecount="0"/>
        <line num="88" count="3" type="stmt"/>
        <line num="91" count="4" type="stmt"/>
        <line num="92" count="4" type="cond" truecount="2" falsecount="1"/>
        <line num="93" count="0" type="stmt"/>
        <line num="96" count="4" type="cond" truecount="1" falsecount="1"/>
        <line num="98" count="0" type="cond" truecount="0" falsecount="2"/>
        <line num="99" count="0" type="stmt"/>
        <line num="103" count="0" type="stmt"/>
        <line num="104" count="0" type="stmt"/>
        <line num="115" count="4" type="stmt"/>
        <line num="117" count="4" type="stmt"/>
        <line num="118" count="4" type="stmt"/>
        <line num="120" count="29" type="stmt"/>
        <line num="139" count="6" type="stmt"/>
        <line num="151" count="8" type="stmt"/>
        <line num="164" count="10" type="stmt"/>
        <line num="181" count="10" type="stmt"/>
        <line num="209" count="14" type="stmt"/>
        <line num="223" count="15" type="stmt"/>
        <line num="236" count="18" type="stmt"/>
        <line num="247" count="0" type="stmt"/>
        <line num="283" count="1" type="stmt"/>
      </file>
      <file name="form.tsx" path="C:\Users\sereg\OneDrive\Рабочий стол\first_task_react_rs-school\Components\src\pages\form\form.tsx">
        <metrics statements="4" coveredstatements="4" conditionals="0" coveredconditionals="0" methods="1" coveredmethods="1"/>
        <line num="1" count="1" type="stmt"/>
        <line num="3" count="1" type="stmt"/>
        <line num="4" count="1" type="stmt"/>
        <line num="11" count="1" type="stmt"/>
      </file>
    </package>
    <package name="src.pages.home">
      <metrics statements="39" coveredstatements="39" conditionals="7" coveredconditionals="6" methods="8" coveredmethods="8"/>
      <file name="cardClass.tsx" path="C:\Users\sereg\OneDrive\Рабочий стол\first_task_react_rs-school\Components\src\pages\home\cardClass.tsx">
        <metrics statements="22" coveredstatements="22" conditionals="7" coveredconditionals="6" methods="4" coveredmethods="4"/>
        <line num="57" count="1" type="stmt"/>
        <line num="58" count="1" type="stmt"/>
        <line num="59" count="1" type="stmt"/>
        <line num="60" count="1" type="stmt"/>
        <line num="61" count="1" type="stmt"/>
        <line num="64" count="1" type="stmt"/>
        <line num="65" count="19" type="stmt"/>
        <line num="66" count="18" type="stmt"/>
        <line num="68" count="18" type="stmt"/>
        <line num="69" count="8" type="cond" truecount="1" falsecount="1"/>
        <line num="70" count="8" type="stmt"/>
        <line num="71" count="8" type="stmt"/>
        <line num="74" count="18" type="stmt"/>
        <line num="75" count="2" type="stmt"/>
        <line num="76" count="2" type="stmt"/>
        <line num="77" count="32" type="stmt"/>
        <line num="85" count="2" type="stmt"/>
        <line num="86" count="2" type="stmt"/>
        <line num="87" count="2" type="stmt"/>
        <line num="88" count="2" type="stmt"/>
        <line num="91" count="18" type="stmt"/>
        <line num="109" count="1" type="stmt"/>
      </file>
      <file name="data.tsx" path="C:\Users\sereg\OneDrive\Рабочий стол\first_task_react_rs-school\Components\src\pages\home\data.tsx">
        <metrics statements="3" coveredstatements="3" conditionals="0" coveredconditionals="0" methods="0" coveredmethods="0"/>
        <line num="1" count="1" type="stmt"/>
        <line num="577" count="1" type="stmt"/>
        <line num="578" count="1" type="stmt"/>
      </file>
      <file name="home.tsx" path="C:\Users\sereg\OneDrive\Рабочий стол\first_task_react_rs-school\Components\src\pages\home\home.tsx">
        <metrics statements="4" coveredstatements="4" conditionals="0" coveredconditionals="0" methods="1" coveredmethods="1"/>
        <line num="1" count="1" type="stmt"/>
        <line num="3" count="1" type="stmt"/>
        <line num="4" count="5" type="stmt"/>
        <line num="11" count="1" type="stmt"/>
      </file>
      <file name="item.tsx" path="C:\Users\sereg\OneDrive\Рабочий стол\first_task_react_rs-school\Components\src\pages\home\item.tsx">
        <metrics statements="4" coveredstatements="4" conditionals="0" coveredconditionals="0" methods="1" coveredmethods="1"/>
        <line num="1" count="1" type="stmt"/>
        <line num="4" count="1" type="stmt"/>
        <line num="6" count="214" type="stmt"/>
        <line num="21" count="1" type="stmt"/>
      </file>
      <file name="items.tsx" path="C:\Users\sereg\OneDrive\Рабочий стол\first_task_react_rs-school\Components\src\pages\home\items.tsx">
        <metrics statements="6" coveredstatements="6" conditionals="0" coveredconditionals="0" methods="2" coveredmethods="2"/>
        <line num="1" count="1" type="stmt"/>
        <line num="3" count="1" type="stmt"/>
        <line num="5" count="1" type="stmt"/>
        <line num="7" count="18" type="stmt"/>
        <line num="10" count="213" type="stmt"/>
        <line num="17" count="1" type="stmt"/>
      </file>
    </package>
    <package name="src.pages.notFound">
      <metrics statements="4" coveredstatements="4" conditionals="0" coveredconditionals="0" methods="1" coveredmethods="1"/>
      <file name="notfoundpage.tsx" path="C:\Users\sereg\OneDrive\Рабочий стол\first_task_react_rs-school\Components\src\pages\notFound\notfoundpage.tsx">
        <metrics statements="4" coveredstatements="4" conditionals="0" coveredconditionals="0" methods="1" coveredmethods="1"/>
        <line num="1" count="1" type="stmt"/>
        <line num="2" count="1" type="stmt"/>
        <line num="3" count="1" type="stmt"/>
        <line num="10" count="1" type="stmt"/>
      </file>
    </package>
  </project>
</coverage>
