{"C:\\Users\\sereg\\OneDrive\\Рабочий стол\\first_task_react_rs-school\\Components\\src\\App.tsx": {"path":"C:\\Users\\sereg\\OneDrive\\Рабочий стол\\first_task_react_rs-school\\Components\\src\\App.tsx","statementMap":{"0":{"start":{"line":1,"column":0},"end":{"line":1,"column":55}},"1":{"start":{"line":2,"column":0},"end":{"line":2,"column":27}},"2":{"start":{"line":3,"column":0},"end":{"line":3,"column":27}},"3":{"start":{"line":4,"column":0},"end":{"line":4,"column":41}},"4":{"start":{"line":5,"column":0},"end":{"line":5,"column":46}},"5":{"start":{"line":6,"column":0},"end":{"line":6,"column":41}},"6":{"start":{"line":7,"column":0},"end":{"line":7,"column":57}},"7":{"start":{"line":10,"column":2},"end":{"line":29,"column":4}},"8":{"start":{"line":32,"column":0},"end":{"line":32,"column":19}}},"fnMap":{"0":{"name":"App","decl":{"start":{"line":9,"column":9},"end":{"line":9,"column":12}},"loc":{"start":{"line":9,"column":12},"end":{"line":30,"column":1}}}},"branchMap":{},"s":{"0":1,"1":1,"2":1,"3":1,"4":1,"5":1,"6":1,"7":4,"8":1},"f":{"0":4},"b":{}}
,"C:\\Users\\sereg\\OneDrive\\Рабочий стол\\first_task_react_rs-school\\Components\\src\\main.tsx": {"path":"C:\\Users\\sereg\\OneDrive\\Рабочий стол\\first_task_react_rs-school\\Components\\src\\main.tsx","statementMap":{"0":{"start":{"line":1,"column":0},"end":{"line":1,"column":26}},"1":{"start":{"line":2,"column":0},"end":{"line":2,"column":40}},"2":{"start":{"line":4,"column":0},"end":{"line":4,"column":49}},"3":{"start":{"line":5,"column":0},"end":{"line":5,"column":24}},"4":{"start":{"line":6,"column":0},"end":{"line":6,"column":21}},"5":{"start":{"line":7,"column":0},"end":{"line":7,"column":27}},"6":{"start":{"line":9,"column":0},"end":{"line":15,"column":2}}},"fnMap":{},"branchMap":{},"s":{"0":0,"1":0,"2":0,"3":0,"4":0,"5":0,"6":0},"f":{},"b":{}}
,"C:\\Users\\sereg\\OneDrive\\Рабочий стол\\first_task_react_rs-school\\Components\\src\\pages\\aboutUs\\about.tsx": {"path":"C:\\Users\\sereg\\OneDrive\\Рабочий стол\\first_task_react_rs-school\\Components\\src\\pages\\aboutUs\\about.tsx","statementMap":{"0":{"start":{"line":1,"column":14},"end":{"line":12,"column":1}},"1":{"start":{"line":2,"column":2},"end":{"line":11,"column":4}},"2":{"start":{"line":13,"column":9},"end":{"line":13,"column":14}}},"fnMap":{"0":{"name":"(anonymous_0)","decl":{"start":{"line":1,"column":14},"end":{"line":1,"column":17}},"loc":{"start":{"line":1,"column":19},"end":{"line":12,"column":1}}}},"branchMap":{},"s":{"0":1,"1":1,"2":1},"f":{"0":1},"b":{}}
,"C:\\Users\\sereg\\OneDrive\\Рабочий стол\\first_task_react_rs-school\\Components\\src\\pages\\form\\authClass.tsx": {"path":"C:\\Users\\sereg\\OneDrive\\Рабочий стол\\first_task_react_rs-school\\Components\\src\\pages\\form\\authClass.tsx","statementMap":{"0":{"start":{"line":1,"column":0},"end":{"line":1,"column":26}},"1":{"start":{"line":2,"column":0},"end":{"line":2,"column":20}},"2":{"start":{"line":7,"column":25},"end":{"line":7,"column":60}},"3":{"start":{"line":8,"column":28},"end":{"line":8,"column":63}},"4":{"start":{"line":9,"column":29},"end":{"line":9,"column":64}},"5":{"start":{"line":10,"column":29},"end":{"line":10,"column":65}},"6":{"start":{"line":11,"column":28},"end":{"line":14,"column":4}},"7":{"start":{"line":15,"column":35},"end":{"line":15,"column":70}},"8":{"start":{"line":16,"column":35},"end":{"line":16,"column":70}},"9":{"start":{"line":18,"column":21},"end":{"line":28,"column":4}},"10":{"start":{"line":29,"column":17},"end":{"line":91,"column":3}},"11":{"start":{"line":30,"column":4},"end":{"line":30,"column":27}},"12":{"start":{"line":32,"column":21},"end":{"line":40,"column":6}},"13":{"start":{"line":37,"column":49},"end":{"line":37,"column":69}},"14":{"start":{"line":41,"column":43},"end":{"line":41,"column":45}},"15":{"start":{"line":44,"column":4},"end":{"line":48,"column":null}},"16":{"start":{"line":45,"column":6},"end":{"line":45,"column":39}},"17":{"start":{"line":46,"column":11},"end":{"line":48,"column":null}},"18":{"start":{"line":47,"column":6},"end":{"line":47,"column":63}},"19":{"start":{"line":51,"column":4},"end":{"line":53,"column":null}},"20":{"start":{"line":52,"column":6},"end":{"line":52,"column":46}},"21":{"start":{"line":56,"column":4},"end":{"line":58,"column":null}},"22":{"start":{"line":57,"column":6},"end":{"line":57,"column":47}},"23":{"start":{"line":61,"column":4},"end":{"line":63,"column":null}},"24":{"start":{"line":62,"column":6},"end":{"line":62,"column":43}},"25":{"start":{"line":65,"column":4},"end":{"line":67,"column":null}},"26":{"start":{"line":66,"column":6},"end":{"line":66,"column":57}},"27":{"start":{"line":69,"column":4},"end":{"line":72,"column":null}},"28":{"start":{"line":70,"column":6},"end":{"line":70,"column":32}},"29":{"start":{"line":71,"column":6},"end":{"line":71,"column":13}},"30":{"start":{"line":75,"column":4},"end":{"line":75,"column":34}},"31":{"start":{"line":78,"column":4},"end":{"line":78,"column":35}},"32":{"start":{"line":81,"column":4},"end":{"line":90,"column":8}},"33":{"start":{"line":81,"column":34},"end":{"line":90,"column":6}},"34":{"start":{"line":92,"column":16},"end":{"line":97,"column":3}},"35":{"start":{"line":93,"column":23},"end":{"line":93,"column":33}},"36":{"start":{"line":94,"column":4},"end":{"line":96,"column":null}},"37":{"start":{"line":95,"column":6},"end":{"line":95,"column":62}},"38":{"start":{"line":98,"column":16},"end":{"line":126,"column":3}},"39":{"start":{"line":99,"column":28},"end":{"line":99,"column":38}},"40":{"start":{"line":101,"column":4},"end":{"line":125,"column":6}},"41":{"start":{"line":104,"column":10},"end":{"line":104,"column":null}},"42":{"start":{"line":128,"column":4},"end":{"line":204,"column":6}},"43":{"start":{"line":207,"column":0},"end":{"line":207,"column":20}}},"fnMap":{"0":{"name":"(anonymous_1)","decl":{"start":{"line":29,"column":17},"end":{"line":29,"column":18}},"loc":{"start":{"line":29,"column":61},"end":{"line":91,"column":3}}},"1":{"name":"(anonymous_2)","decl":{"start":{"line":37,"column":40},"end":{"line":37,"column":41}},"loc":{"start":{"line":37,"column":49},"end":{"line":37,"column":69}}},"2":{"name":"(anonymous_3)","decl":{"start":{"line":81,"column":18},"end":{"line":81,"column":19}},"loc":{"start":{"line":81,"column":34},"end":{"line":90,"column":6}}},"3":{"name":"(anonymous_4)","decl":{"start":{"line":92,"column":16},"end":{"line":92,"column":17}},"loc":{"start":{"line":92,"column":38},"end":{"line":97,"column":3}}},"4":{"name":"(anonymous_5)","decl":{"start":{"line":98,"column":16},"end":{"line":98,"column":19}},"loc":{"start":{"line":98,"column":21},"end":{"line":126,"column":3}}},"5":{"name":"(anonymous_6)","decl":{"start":{"line":103,"column":25},"end":{"line":103,"column":26}},"loc":{"start":{"line":104,"column":10},"end":{"line":104,"column":null}}},"6":{"name":"(anonymous_7)","decl":{"start":{"line":127,"column":2},"end":{"line":127,"column":8}},"loc":{"start":{"line":127,"column":8},"end":{"line":205,"column":3}}}},"branchMap":{"0":{"loc":{"start":{"line":33,"column":12},"end":{"line":33,"column":50}},"type":"binary-expr","locations":[{"start":{"line":33,"column":12},"end":{"line":33,"column":44}},{"start":{"line":33,"column":48},"end":{"line":33,"column":50}}]},"1":{"loc":{"start":{"line":34,"column":15},"end":{"line":34,"column":56}},"type":"binary-expr","locations":[{"start":{"line":34,"column":15},"end":{"line":34,"column":50}},{"start":{"line":34,"column":54},"end":{"line":34,"column":56}}]},"2":{"loc":{"start":{"line":35,"column":16},"end":{"line":35,"column":58}},"type":"binary-expr","locations":[{"start":{"line":35,"column":16},"end":{"line":35,"column":52}},{"start":{"line":35,"column":56},"end":{"line":35,"column":58}}]},"3":{"loc":{"start":{"line":36,"column":15},"end":{"line":36,"column":57}},"type":"binary-expr","locations":[{"start":{"line":36,"column":15},"end":{"line":36,"column":51}},{"start":{"line":36,"column":55},"end":{"line":36,"column":57}}]},"4":{"loc":{"start":{"line":37,"column":14},"end":{"line":37,"column":92}},"type":"binary-expr","locations":[{"start":{"line":37,"column":14},"end":{"line":37,"column":86}},{"start":{"line":37,"column":90},"end":{"line":37,"column":92}}]},"5":{"loc":{"start":{"line":38,"column":21},"end":{"line":38,"column":74}},"type":"binary-expr","locations":[{"start":{"line":38,"column":21},"end":{"line":38,"column":65}},{"start":{"line":38,"column":69},"end":{"line":38,"column":74}}]},"6":{"loc":{"start":{"line":39,"column":22},"end":{"line":39,"column":77}},"type":"binary-expr","locations":[{"start":{"line":39,"column":22},"end":{"line":39,"column":69}},{"start":{"line":39,"column":73},"end":{"line":39,"column":77}}]},"7":{"loc":{"start":{"line":44,"column":4},"end":{"line":48,"column":null}},"type":"if","locations":[{"start":{"line":44,"column":4},"end":{"line":48,"column":null}},{"start":{"line":46,"column":11},"end":{"line":48,"column":null}}]},"8":{"loc":{"start":{"line":46,"column":11},"end":{"line":48,"column":null}},"type":"if","locations":[{"start":{"line":46,"column":11},"end":{"line":48,"column":null}}]},"9":{"loc":{"start":{"line":51,"column":4},"end":{"line":53,"column":null}},"type":"if","locations":[{"start":{"line":51,"column":4},"end":{"line":53,"column":null}}]},"10":{"loc":{"start":{"line":56,"column":4},"end":{"line":58,"column":null}},"type":"if","locations":[{"start":{"line":56,"column":4},"end":{"line":58,"column":null}}]},"11":{"loc":{"start":{"line":61,"column":4},"end":{"line":63,"column":null}},"type":"if","locations":[{"start":{"line":61,"column":4},"end":{"line":63,"column":null}}]},"12":{"loc":{"start":{"line":65,"column":4},"end":{"line":67,"column":null}},"type":"if","locations":[{"start":{"line":65,"column":4},"end":{"line":67,"column":null}}]},"13":{"loc":{"start":{"line":69,"column":4},"end":{"line":72,"column":null}},"type":"if","locations":[{"start":{"line":69,"column":4},"end":{"line":72,"column":null}}]},"14":{"loc":{"start":{"line":94,"column":4},"end":{"line":96,"column":null}},"type":"if","locations":[{"start":{"line":94,"column":4},"end":{"line":96,"column":null}}]}},"s":{"0":1,"1":1,"2":4,"3":4,"4":4,"5":4,"6":4,"7":4,"8":4,"9":4,"10":4,"11":2,"12":2,"13":3,"14":2,"15":2,"16":1,"17":1,"18":0,"19":2,"20":1,"21":2,"22":1,"23":2,"24":1,"25":2,"26":2,"27":2,"28":2,"29":2,"30":0,"31":0,"32":0,"33":0,"34":4,"35":30,"36":30,"37":6,"38":4,"39":6,"40":6,"41":0,"42":6,"43":1},"f":{"0":2,"1":3,"2":0,"3":30,"4":6,"5":0,"6":6},"b":{"0":[2,0],"1":[2,0],"2":[2,0],"3":[2,0],"4":[2,1],"5":[2,0],"6":[2,2],"7":[1,1],"8":[0],"9":[1],"10":[1],"11":[1],"12":[2],"13":[2],"14":[6]}}
,"C:\\Users\\sereg\\OneDrive\\Рабочий стол\\first_task_react_rs-school\\Components\\src\\pages\\form\\form.tsx": {"path":"C:\\Users\\sereg\\OneDrive\\Рабочий стол\\first_task_react_rs-school\\Components\\src\\pages\\form\\form.tsx","statementMap":{"0":{"start":{"line":1,"column":0},"end":{"line":1,"column":31}},"1":{"start":{"line":3,"column":13},"end":{"line":10,"column":1}},"2":{"start":{"line":4,"column":2},"end":{"line":9,"column":4}},"3":{"start":{"line":11,"column":9},"end":{"line":11,"column":13}}},"fnMap":{"0":{"name":"(anonymous_1)","decl":{"start":{"line":3,"column":13},"end":{"line":3,"column":16}},"loc":{"start":{"line":3,"column":18},"end":{"line":10,"column":1}}}},"branchMap":{},"s":{"0":1,"1":1,"2":1,"3":1},"f":{"0":1},"b":{}}
,"C:\\Users\\sereg\\OneDrive\\Рабочий стол\\first_task_react_rs-school\\Components\\src\\pages\\home\\cardClass.tsx": {"path":"C:\\Users\\sereg\\OneDrive\\Рабочий стол\\first_task_react_rs-school\\Components\\src\\pages\\home\\cardClass.tsx","statementMap":{"0":{"start":{"line":1,"column":0},"end":{"line":1,"column":26}},"1":{"start":{"line":2,"column":0},"end":{"line":2,"column":46}},"2":{"start":{"line":3,"column":0},"end":{"line":3,"column":16}},"3":{"start":{"line":4,"column":0},"end":{"line":4,"column":16}},"4":{"start":{"line":5,"column":0},"end":{"line":5,"column":32}},"5":{"start":{"line":10,"column":4},"end":{"line":10,"column":17}},"6":{"start":{"line":11,"column":37},"end":{"line":11,"column":93}},"7":{"start":{"line":12,"column":4},"end":{"line":15,"column":6}},"8":{"start":{"line":18,"column":28},"end":{"line":34,"column":3}},"9":{"start":{"line":19,"column":29},"end":{"line":19,"column":61}},"10":{"start":{"line":20,"column":37},"end":{"line":20,"column":47}},"11":{"start":{"line":21,"column":26},"end":{"line":29,"column":6}},"12":{"start":{"line":22,"column":6},"end":{"line":28,"column":8}},"13":{"start":{"line":30,"column":4},"end":{"line":30,"column":51}},"14":{"start":{"line":31,"column":4},"end":{"line":31,"column":63}},"15":{"start":{"line":32,"column":32},"end":{"line":32,"column":61}},"16":{"start":{"line":33,"column":4},"end":{"line":33,"column":62}},"17":{"start":{"line":36,"column":29},"end":{"line":36,"column":39}},"18":{"start":{"line":37,"column":4},"end":{"line":52,"column":6}},"19":{"start":{"line":8,"column":0},"end":{"line":8,"column":13}},"20":{"start":{"line":56,"column":0},"end":{"line":56,"column":20}}},"fnMap":{"0":{"name":"(anonymous_1)","decl":{"start":{"line":9,"column":2},"end":{"line":9,"column":14}},"loc":{"start":{"line":9,"column":30},"end":{"line":16,"column":3}}},"1":{"name":"(anonymous_2)","decl":{"start":{"line":18,"column":28},"end":{"line":18,"column":29}},"loc":{"start":{"line":18,"column":81},"end":{"line":34,"column":3}}},"2":{"name":"(anonymous_3)","decl":{"start":{"line":21,"column":47},"end":{"line":21,"column":48}},"loc":{"start":{"line":21,"column":66},"end":{"line":29,"column":5}}},"3":{"name":"(anonymous_4)","decl":{"start":{"line":35,"column":2},"end":{"line":35,"column":8}},"loc":{"start":{"line":35,"column":8},"end":{"line":53,"column":3}}}},"branchMap":{"0":{"loc":{"start":{"line":11,"column":48},"end":{"line":11,"column":92}},"type":"binary-expr","locations":[{"start":{"line":11,"column":48},"end":{"line":11,"column":84}},{"start":{"line":11,"column":88},"end":{"line":11,"column":92}}]},"1":{"loc":{"start":{"line":23,"column":8},"end":{"line":27,"column":56}},"type":"binary-expr","locations":[{"start":{"line":23,"column":8},"end":{"line":23,"column":59}},{"start":{"line":24,"column":8},"end":{"line":24,"column":59}},{"start":{"line":25,"column":8},"end":{"line":25,"column":56}},{"start":{"line":26,"column":8},"end":{"line":26,"column":69}},{"start":{"line":27,"column":8},"end":{"line":27,"column":56}}]}},"s":{"0":1,"1":1,"2":1,"3":1,"4":1,"5":3,"6":3,"7":3,"8":3,"9":0,"10":0,"11":0,"12":0,"13":0,"14":0,"15":0,"16":0,"17":3,"18":3,"19":1,"20":1},"f":{"0":3,"1":0,"2":0,"3":3},"b":{"0":[3,0],"1":[0,0,0,0,0]}}
,"C:\\Users\\sereg\\OneDrive\\Рабочий стол\\first_task_react_rs-school\\Components\\src\\pages\\home\\data.tsx": {"path":"C:\\Users\\sereg\\OneDrive\\Рабочий стол\\first_task_react_rs-school\\Components\\src\\pages\\home\\data.tsx","statementMap":{"0":{"start":{"line":1,"column":21},"end":{"line":575,"column":2}},"1":{"start":{"line":577,"column":17},"end":{"line":577,"column":54}},"2":{"start":{"line":578,"column":0},"end":{"line":578,"column":47}}},"fnMap":{},"branchMap":{},"s":{"0":1,"1":1,"2":1},"f":{},"b":{}}
,"C:\\Users\\sereg\\OneDrive\\Рабочий стол\\first_task_react_rs-school\\Components\\src\\pages\\home\\home.tsx": {"path":"C:\\Users\\sereg\\OneDrive\\Рабочий стол\\first_task_react_rs-school\\Components\\src\\pages\\home\\home.tsx","statementMap":{"0":{"start":{"line":1,"column":0},"end":{"line":1,"column":35}},"1":{"start":{"line":3,"column":13},"end":{"line":10,"column":1}},"2":{"start":{"line":4,"column":2},"end":{"line":9,"column":4}},"3":{"start":{"line":11,"column":9},"end":{"line":11,"column":13}}},"fnMap":{"0":{"name":"(anonymous_0)","decl":{"start":{"line":3,"column":13},"end":{"line":3,"column":16}},"loc":{"start":{"line":3,"column":18},"end":{"line":10,"column":1}}}},"branchMap":{},"s":{"0":1,"1":1,"2":3,"3":1},"f":{"0":3},"b":{}}
,"C:\\Users\\sereg\\OneDrive\\Рабочий стол\\first_task_react_rs-school\\Components\\src\\pages\\home\\item.tsx": {"path":"C:\\Users\\sereg\\OneDrive\\Рабочий стол\\first_task_react_rs-school\\Components\\src\\pages\\home\\item.tsx","statementMap":{"0":{"start":{"line":1,"column":0},"end":{"line":1,"column":41}},"1":{"start":{"line":6,"column":4},"end":{"line":17,"column":6}},"2":{"start":{"line":4,"column":0},"end":{"line":4,"column":13}},"3":{"start":{"line":21,"column":0},"end":{"line":21,"column":20}}},"fnMap":{"0":{"name":"(anonymous_0)","decl":{"start":{"line":5,"column":2},"end":{"line":5,"column":8}},"loc":{"start":{"line":5,"column":8},"end":{"line":18,"column":3}}}},"branchMap":{},"s":{"0":1,"1":91,"2":1,"3":1},"f":{"0":91},"b":{}}
,"C:\\Users\\sereg\\OneDrive\\Рабочий стол\\first_task_react_rs-school\\Components\\src\\pages\\home\\items.tsx": {"path":"C:\\Users\\sereg\\OneDrive\\Рабочий стол\\first_task_react_rs-school\\Components\\src\\pages\\home\\items.tsx","statementMap":{"0":{"start":{"line":1,"column":0},"end":{"line":1,"column":41}},"1":{"start":{"line":3,"column":0},"end":{"line":3,"column":26}},"2":{"start":{"line":7,"column":4},"end":{"line":13,"column":6}},"3":{"start":{"line":10,"column":10},"end":{"line":10,"column":28}},"4":{"start":{"line":5,"column":0},"end":{"line":5,"column":13}},"5":{"start":{"line":17,"column":0},"end":{"line":17,"column":21}}},"fnMap":{"0":{"name":"(anonymous_1)","decl":{"start":{"line":6,"column":2},"end":{"line":6,"column":8}},"loc":{"start":{"line":6,"column":8},"end":{"line":14,"column":3}}},"1":{"name":"(anonymous_2)","decl":{"start":{"line":9,"column":30},"end":{"line":9,"column":31}},"loc":{"start":{"line":10,"column":10},"end":{"line":10,"column":28}}}},"branchMap":{},"s":{"0":1,"1":1,"2":3,"3":90,"4":1,"5":1},"f":{"0":3,"1":90},"b":{}}
,"C:\\Users\\sereg\\OneDrive\\Рабочий стол\\first_task_react_rs-school\\Components\\src\\pages\\notFound\\notfoundpage.tsx": {"path":"C:\\Users\\sereg\\OneDrive\\Рабочий стол\\first_task_react_rs-school\\Components\\src\\pages\\notFound\\notfoundpage.tsx","statementMap":{"0":{"start":{"line":1,"column":0},"end":{"line":1,"column":40}},"1":{"start":{"line":2,"column":17},"end":{"line":9,"column":1}},"2":{"start":{"line":3,"column":2},"end":{"line":8,"column":4}},"3":{"start":{"line":10,"column":9},"end":{"line":10,"column":17}}},"fnMap":{"0":{"name":"(anonymous_0)","decl":{"start":{"line":2,"column":17},"end":{"line":2,"column":20}},"loc":{"start":{"line":2,"column":22},"end":{"line":9,"column":1}}}},"branchMap":{},"s":{"0":1,"1":1,"2":1,"3":1},"f":{"0":1},"b":{}}
}
