{"C:\\Users\\sereg\\OneDrive\\Рабочий стол\\first_task_react_rs-school\\Components\\src\\App.tsx": {"path":"C:\\Users\\sereg\\OneDrive\\Рабочий стол\\first_task_react_rs-school\\Components\\src\\App.tsx","statementMap":{"0":{"start":{"line":1,"column":0},"end":{"line":1,"column":55}},"1":{"start":{"line":2,"column":0},"end":{"line":2,"column":27}},"2":{"start":{"line":3,"column":0},"end":{"line":3,"column":27}},"3":{"start":{"line":4,"column":0},"end":{"line":4,"column":41}},"4":{"start":{"line":5,"column":0},"end":{"line":5,"column":46}},"5":{"start":{"line":6,"column":0},"end":{"line":6,"column":41}},"6":{"start":{"line":7,"column":0},"end":{"line":7,"column":57}},"7":{"start":{"line":10,"column":2},"end":{"line":29,"column":4}},"8":{"start":{"line":32,"column":0},"end":{"line":32,"column":19}}},"fnMap":{"0":{"name":"App","decl":{"start":{"line":9,"column":9},"end":{"line":9,"column":12}},"loc":{"start":{"line":9,"column":12},"end":{"line":30,"column":1}}}},"branchMap":{},"s":{"0":1,"1":1,"2":1,"3":1,"4":1,"5":1,"6":1,"7":6,"8":1},"f":{"0":6},"b":{}}
,"C:\\Users\\sereg\\OneDrive\\Рабочий стол\\first_task_react_rs-school\\Components\\src\\main.tsx": {"path":"C:\\Users\\sereg\\OneDrive\\Рабочий стол\\first_task_react_rs-school\\Components\\src\\main.tsx","statementMap":{"0":{"start":{"line":1,"column":0},"end":{"line":1,"column":26}},"1":{"start":{"line":2,"column":0},"end":{"line":2,"column":40}},"2":{"start":{"line":3,"column":0},"end":{"line":3,"column":49}},"3":{"start":{"line":4,"column":0},"end":{"line":4,"column":24}},"4":{"start":{"line":5,"column":0},"end":{"line":5,"column":21}},"5":{"start":{"line":6,"column":0},"end":{"line":6,"column":27}},"6":{"start":{"line":8,"column":0},"end":{"line":14,"column":2}}},"fnMap":{},"branchMap":{},"s":{"0":0,"1":0,"2":0,"3":0,"4":0,"5":0,"6":0},"f":{},"b":{}}
,"C:\\Users\\sereg\\OneDrive\\Рабочий стол\\first_task_react_rs-school\\Components\\src\\pages\\aboutUs\\about.tsx": {"path":"C:\\Users\\sereg\\OneDrive\\Рабочий стол\\first_task_react_rs-school\\Components\\src\\pages\\aboutUs\\about.tsx","statementMap":{"0":{"start":{"line":1,"column":14},"end":{"line":12,"column":1}},"1":{"start":{"line":2,"column":2},"end":{"line":11,"column":4}},"2":{"start":{"line":13,"column":9},"end":{"line":13,"column":14}}},"fnMap":{"0":{"name":"(anonymous_0)","decl":{"start":{"line":1,"column":14},"end":{"line":1,"column":17}},"loc":{"start":{"line":1,"column":19},"end":{"line":12,"column":1}}}},"branchMap":{},"s":{"0":1,"1":1,"2":1},"f":{"0":1},"b":{}}
,"C:\\Users\\sereg\\OneDrive\\Рабочий стол\\first_task_react_rs-school\\Components\\src\\pages\\form\\Select.tsx": {"path":"C:\\Users\\sereg\\OneDrive\\Рабочий стол\\first_task_react_rs-school\\Components\\src\\pages\\form\\Select.tsx","statementMap":{"0":{"start":{"line":1,"column":0},"end":{"line":1,"column":26}},"1":{"start":{"line":3,"column":0},"end":{"line":3,"column":26}},"2":{"start":{"line":5,"column":15},"end":{"line":18,"column":null}},"3":{"start":{"line":7,"column":4},"end":{"line":16,"column":null}},"4":{"start":{"line":21,"column":0},"end":{"line":21,"column":22}}},"fnMap":{"0":{"name":"(anonymous_1)","decl":{"start":{"line":6,"column":2},"end":{"line":6,"column":3}},"loc":{"start":{"line":7,"column":4},"end":{"line":16,"column":null}}}},"branchMap":{},"s":{"0":1,"1":1,"2":1,"3":15,"4":1},"f":{"0":15},"b":{}}
,"C:\\Users\\sereg\\OneDrive\\Рабочий стол\\first_task_react_rs-school\\Components\\src\\pages\\form\\auth.tsx": {"path":"C:\\Users\\sereg\\OneDrive\\Рабочий стол\\first_task_react_rs-school\\Components\\src\\pages\\form\\auth.tsx","statementMap":{"0":{"start":{"line":1,"column":0},"end":{"line":1,"column":51}},"1":{"start":{"line":2,"column":0},"end":{"line":2,"column":42}},"2":{"start":{"line":3,"column":0},"end":{"line":3,"column":20}},"3":{"start":{"line":4,"column":0},"end":{"line":4,"column":37}},"4":{"start":{"line":5,"column":0},"end":{"line":5,"column":30}},"5":{"start":{"line":15,"column":6},"end":{"line":15,"column":21}},"6":{"start":{"line":16,"column":33},"end":{"line":16,"column":53}},"7":{"start":{"line":18,"column":19},"end":{"line":34,"column":4}},"8":{"start":{"line":19,"column":17},"end":{"line":19,"column":79}},"9":{"start":{"line":20,"column":4},"end":{"line":20,"column":33}},"10":{"start":{"line":21,"column":4},"end":{"line":33,"column":7}},"11":{"start":{"line":36,"column":2},"end":{"line":38,"column":25}},"12":{"start":{"line":37,"column":4},"end":{"line":37,"column":46}},"13":{"start":{"line":37,"column":38},"end":{"line":37,"column":46}},"14":{"start":{"line":40,"column":2},"end":{"line":143,"column":4}},"15":{"start":{"line":140,"column":8},"end":{"line":140,"column":30}},"16":{"start":{"line":146,"column":0},"end":{"line":146,"column":20}}},"fnMap":{"0":{"name":"Form","decl":{"start":{"line":8,"column":9},"end":{"line":8,"column":13}},"loc":{"start":{"line":8,"column":13},"end":{"line":144,"column":1}}},"1":{"name":"(anonymous_2)","decl":{"start":{"line":18,"column":32},"end":{"line":18,"column":33}},"loc":{"start":{"line":18,"column":47},"end":{"line":34,"column":3}}},"2":{"name":"(anonymous_3)","decl":{"start":{"line":36,"column":12},"end":{"line":36,"column":15}},"loc":{"start":{"line":36,"column":17},"end":{"line":38,"column":3}}},"3":{"name":"(anonymous_4)","decl":{"start":{"line":139,"column":20},"end":{"line":139,"column":21}},"loc":{"start":{"line":140,"column":8},"end":{"line":140,"column":30}}}},"branchMap":{"0":{"loc":{"start":{"line":37,"column":4},"end":{"line":37,"column":46}},"type":"if","locations":[{"start":{"line":37,"column":4},"end":{"line":37,"column":46}}]}},"s":{"0":1,"1":1,"2":1,"3":1,"4":1,"5":16,"6":15,"7":15,"8":0,"9":0,"10":0,"11":15,"12":15,"13":0,"14":15,"15":0,"16":1},"f":{"0":16,"1":0,"2":15,"3":0},"b":{"0":[0]}}
,"C:\\Users\\sereg\\OneDrive\\Рабочий стол\\first_task_react_rs-school\\Components\\src\\pages\\form\\form.tsx": {"path":"C:\\Users\\sereg\\OneDrive\\Рабочий стол\\first_task_react_rs-school\\Components\\src\\pages\\form\\form.tsx","statementMap":{"0":{"start":{"line":1,"column":0},"end":{"line":1,"column":26}},"1":{"start":{"line":3,"column":13},"end":{"line":10,"column":1}},"2":{"start":{"line":4,"column":2},"end":{"line":9,"column":4}},"3":{"start":{"line":11,"column":9},"end":{"line":11,"column":13}}},"fnMap":{"0":{"name":"(anonymous_1)","decl":{"start":{"line":3,"column":13},"end":{"line":3,"column":16}},"loc":{"start":{"line":3,"column":18},"end":{"line":10,"column":1}}}},"branchMap":{},"s":{"0":1,"1":1,"2":1,"3":1},"f":{"0":1},"b":{}}
,"C:\\Users\\sereg\\OneDrive\\Рабочий стол\\first_task_react_rs-school\\Components\\src\\pages\\form\\submitedForm.tsx": {"path":"C:\\Users\\sereg\\OneDrive\\Рабочий стол\\first_task_react_rs-school\\Components\\src\\pages\\form\\submitedForm.tsx","statementMap":{"0":{"start":{"line":3,"column":0},"end":{"line":3,"column":26}},"1":{"start":{"line":6,"column":2},"end":{"line":33,"column":4}},"2":{"start":{"line":35,"column":0},"end":{"line":35,"column":23}}},"fnMap":{"0":{"name":"SubData","decl":{"start":{"line":5,"column":9},"end":{"line":5,"column":16}},"loc":{"start":{"line":5,"column":36},"end":{"line":34,"column":1}}}},"branchMap":{"0":{"loc":{"start":{"line":21,"column":25},"end":{"line":21,"column":86}},"type":"cond-expr","locations":[{"start":{"line":21,"column":60},"end":{"line":21,"column":77}},{"start":{"line":21,"column":80},"end":{"line":21,"column":86}}]}},"s":{"0":1,"1":0,"2":1},"f":{"0":0},"b":{"0":[0,0]}}
,"C:\\Users\\sereg\\OneDrive\\Рабочий стол\\first_task_react_rs-school\\Components\\src\\pages\\home\\cardClass.tsx": {"path":"C:\\Users\\sereg\\OneDrive\\Рабочий стол\\first_task_react_rs-school\\Components\\src\\pages\\home\\cardClass.tsx","statementMap":{"0":{"start":{"line":1,"column":0},"end":{"line":1,"column":51}},"1":{"start":{"line":2,"column":0},"end":{"line":2,"column":46}},"2":{"start":{"line":3,"column":0},"end":{"line":3,"column":16}},"3":{"start":{"line":4,"column":0},"end":{"line":4,"column":16}},"4":{"start":{"line":5,"column":0},"end":{"line":5,"column":32}},"5":{"start":{"line":8,"column":13},"end":{"line":51,"column":1}},"6":{"start":{"line":9,"column":28},"end":{"line":9,"column":52}},"7":{"start":{"line":10,"column":42},"end":{"line":10,"column":66}},"8":{"start":{"line":12,"column":2},"end":{"line":16,"column":9}},"9":{"start":{"line":13,"column":37},"end":{"line":13,"column":93}},"10":{"start":{"line":14,"column":4},"end":{"line":14,"column":39}},"11":{"start":{"line":15,"column":4},"end":{"line":15,"column":46}},"12":{"start":{"line":18,"column":34},"end":{"line":33,"column":3}},"13":{"start":{"line":19,"column":29},"end":{"line":19,"column":61}},"14":{"start":{"line":20,"column":26},"end":{"line":28,"column":6}},"15":{"start":{"line":21,"column":6},"end":{"line":27,"column":8}},"16":{"start":{"line":29,"column":4},"end":{"line":29,"column":35}},"17":{"start":{"line":30,"column":4},"end":{"line":30,"column":63}},"18":{"start":{"line":31,"column":32},"end":{"line":31,"column":61}},"19":{"start":{"line":32,"column":4},"end":{"line":32,"column":62}},"20":{"start":{"line":35,"column":2},"end":{"line":50,"column":4}},"21":{"start":{"line":53,"column":0},"end":{"line":53,"column":20}}},"fnMap":{"0":{"name":"(anonymous_0)","decl":{"start":{"line":8,"column":13},"end":{"line":8,"column":16}},"loc":{"start":{"line":8,"column":18},"end":{"line":51,"column":1}}},"1":{"name":"(anonymous_1)","decl":{"start":{"line":12,"column":12},"end":{"line":12,"column":15}},"loc":{"start":{"line":12,"column":17},"end":{"line":16,"column":3}}},"2":{"name":"(anonymous_2)","decl":{"start":{"line":18,"column":34},"end":{"line":18,"column":35}},"loc":{"start":{"line":18,"column":87},"end":{"line":33,"column":3}}},"3":{"name":"(anonymous_3)","decl":{"start":{"line":20,"column":39},"end":{"line":20,"column":40}},"loc":{"start":{"line":20,"column":58},"end":{"line":28,"column":5}}}},"branchMap":{"0":{"loc":{"start":{"line":13,"column":48},"end":{"line":13,"column":92}},"type":"binary-expr","locations":[{"start":{"line":13,"column":48},"end":{"line":13,"column":84}},{"start":{"line":13,"column":88},"end":{"line":13,"column":92}}]},"1":{"loc":{"start":{"line":22,"column":8},"end":{"line":26,"column":56}},"type":"binary-expr","locations":[{"start":{"line":22,"column":8},"end":{"line":22,"column":59}},{"start":{"line":23,"column":8},"end":{"line":23,"column":59}},{"start":{"line":24,"column":8},"end":{"line":24,"column":56}},{"start":{"line":25,"column":8},"end":{"line":25,"column":69}},{"start":{"line":26,"column":8},"end":{"line":26,"column":56}}]}},"s":{"0":1,"1":1,"2":1,"3":1,"4":1,"5":1,"6":19,"7":18,"8":18,"9":8,"10":8,"11":8,"12":18,"13":2,"14":2,"15":32,"16":2,"17":2,"18":2,"19":2,"20":18,"21":1},"f":{"0":19,"1":8,"2":2,"3":32},"b":{"0":[8,0],"1":[32,32,31,31,31]}}
,"C:\\Users\\sereg\\OneDrive\\Рабочий стол\\first_task_react_rs-school\\Components\\src\\pages\\home\\data.tsx": {"path":"C:\\Users\\sereg\\OneDrive\\Рабочий стол\\first_task_react_rs-school\\Components\\src\\pages\\home\\data.tsx","statementMap":{"0":{"start":{"line":1,"column":21},"end":{"line":575,"column":2}},"1":{"start":{"line":577,"column":17},"end":{"line":577,"column":54}},"2":{"start":{"line":578,"column":0},"end":{"line":578,"column":47}}},"fnMap":{},"branchMap":{},"s":{"0":1,"1":1,"2":1},"f":{},"b":{}}
,"C:\\Users\\sereg\\OneDrive\\Рабочий стол\\first_task_react_rs-school\\Components\\src\\pages\\home\\home.tsx": {"path":"C:\\Users\\sereg\\OneDrive\\Рабочий стол\\first_task_react_rs-school\\Components\\src\\pages\\home\\home.tsx","statementMap":{"0":{"start":{"line":1,"column":0},"end":{"line":1,"column":31}},"1":{"start":{"line":3,"column":13},"end":{"line":10,"column":1}},"2":{"start":{"line":4,"column":2},"end":{"line":9,"column":4}},"3":{"start":{"line":11,"column":9},"end":{"line":11,"column":13}}},"fnMap":{"0":{"name":"(anonymous_1)","decl":{"start":{"line":3,"column":13},"end":{"line":3,"column":16}},"loc":{"start":{"line":3,"column":18},"end":{"line":10,"column":1}}}},"branchMap":{},"s":{"0":1,"1":1,"2":5,"3":1},"f":{"0":5},"b":{}}
,"C:\\Users\\sereg\\OneDrive\\Рабочий стол\\first_task_react_rs-school\\Components\\src\\pages\\home\\item.tsx": {"path":"C:\\Users\\sereg\\OneDrive\\Рабочий стол\\first_task_react_rs-school\\Components\\src\\pages\\home\\item.tsx","statementMap":{"0":{"start":{"line":1,"column":0},"end":{"line":1,"column":41}},"1":{"start":{"line":6,"column":4},"end":{"line":17,"column":6}},"2":{"start":{"line":4,"column":0},"end":{"line":4,"column":13}},"3":{"start":{"line":21,"column":0},"end":{"line":21,"column":20}}},"fnMap":{"0":{"name":"(anonymous_0)","decl":{"start":{"line":5,"column":2},"end":{"line":5,"column":8}},"loc":{"start":{"line":5,"column":8},"end":{"line":18,"column":3}}}},"branchMap":{},"s":{"0":1,"1":214,"2":1,"3":1},"f":{"0":214},"b":{}}
,"C:\\Users\\sereg\\OneDrive\\Рабочий стол\\first_task_react_rs-school\\Components\\src\\pages\\home\\items.tsx": {"path":"C:\\Users\\sereg\\OneDrive\\Рабочий стол\\first_task_react_rs-school\\Components\\src\\pages\\home\\items.tsx","statementMap":{"0":{"start":{"line":1,"column":0},"end":{"line":1,"column":41}},"1":{"start":{"line":3,"column":0},"end":{"line":3,"column":26}},"2":{"start":{"line":7,"column":4},"end":{"line":13,"column":6}},"3":{"start":{"line":10,"column":10},"end":{"line":10,"column":28}},"4":{"start":{"line":5,"column":0},"end":{"line":5,"column":13}},"5":{"start":{"line":17,"column":0},"end":{"line":17,"column":21}}},"fnMap":{"0":{"name":"(anonymous_1)","decl":{"start":{"line":6,"column":2},"end":{"line":6,"column":8}},"loc":{"start":{"line":6,"column":8},"end":{"line":14,"column":3}}},"1":{"name":"(anonymous_2)","decl":{"start":{"line":9,"column":30},"end":{"line":9,"column":31}},"loc":{"start":{"line":10,"column":10},"end":{"line":10,"column":28}}}},"branchMap":{},"s":{"0":1,"1":1,"2":18,"3":213,"4":1,"5":1},"f":{"0":18,"1":213},"b":{}}
,"C:\\Users\\sereg\\OneDrive\\Рабочий стол\\first_task_react_rs-school\\Components\\src\\pages\\notFound\\notfoundpage.tsx": {"path":"C:\\Users\\sereg\\OneDrive\\Рабочий стол\\first_task_react_rs-school\\Components\\src\\pages\\notFound\\notfoundpage.tsx","statementMap":{"0":{"start":{"line":1,"column":0},"end":{"line":1,"column":40}},"1":{"start":{"line":2,"column":17},"end":{"line":9,"column":1}},"2":{"start":{"line":3,"column":2},"end":{"line":8,"column":4}},"3":{"start":{"line":10,"column":9},"end":{"line":10,"column":17}}},"fnMap":{"0":{"name":"(anonymous_0)","decl":{"start":{"line":2,"column":17},"end":{"line":2,"column":20}},"loc":{"start":{"line":2,"column":22},"end":{"line":9,"column":1}}}},"branchMap":{},"s":{"0":1,"1":1,"2":1,"3":1},"f":{"0":1},"b":{}}
}
