TN:
SF:src\App.tsx
FN:9,App
FNF:1
FNH:1
FNDA:6,App
DA:1,1
DA:2,1
DA:3,1
DA:4,1
DA:5,1
DA:6,1
DA:7,1
DA:10,6
DA:32,1
LF:9
LH:9
BRF:0
BRH:0
end_of_record
TN:
SF:src\main.tsx
FNF:0
FNH:0
DA:1,0
DA:2,0
DA:3,0
DA:4,0
DA:5,0
DA:6,0
DA:8,0
LF:7
LH:0
BRF:0
BRH:0
end_of_record
TN:
SF:src\pages\aboutUs\about.tsx
FN:1,(anonymous_0)
FNF:1
FNH:1
FNDA:1,(anonymous_0)
DA:1,1
DA:2,1
DA:13,1
LF:3
LH:3
BRF:0
BRH:0
end_of_record
TN:
SF:src\pages\form\Select.tsx
FN:6,(anonymous_1)
FNF:1
FNH:1
FNDA:15,(anonymous_1)
DA:1,1
DA:3,1
DA:5,1
DA:7,15
DA:21,1
LF:5
LH:5
BRF:0
BRH:0
end_of_record
TN:
SF:src\pages\form\auth.tsx
FN:292,Form
FN:302,(anonymous_2)
FN:320,(anonymous_3)
FN:423,(anonymous_4)
FNF:4
FNH:2
FNDA:16,Form
FNDA:0,(anonymous_2)
FNDA:15,(anonymous_3)
FNDA:0,(anonymous_4)
DA:285,1
DA:286,1
DA:287,1
DA:288,1
DA:289,1
DA:299,16
DA:300,15
DA:302,15
DA:303,0
DA:304,0
DA:305,0
DA:320,15
DA:321,15
DA:324,15
DA:424,0
DA:430,1
LF:16
LH:12
BRDA:321,0,0,0
BRF:1
BRH:0
end_of_record
TN:
SF:src\pages\form\form.tsx
FN:3,(anonymous_1)
FNF:1
FNH:1
FNDA:1,(anonymous_1)
DA:1,1
DA:3,1
DA:4,1
DA:11,1
LF:4
LH:4
BRF:0
BRH:0
end_of_record
TN:
SF:src\pages\form\submitedForm.tsx
FN:5,SubData
FNF:1
FNH:0
FNDA:0,SubData
DA:3,1
DA:6,0
DA:35,1
LF:3
LH:2
BRDA:21,0,0,0
BRDA:21,0,1,0
BRF:2
BRH:0
end_of_record
TN:
SF:src\pages\home\cardClass.tsx
FN:8,(anonymous_0)
FN:12,(anonymous_1)
FN:18,(anonymous_2)
FN:20,(anonymous_3)
FNF:4
FNH:4
FNDA:19,(anonymous_0)
FNDA:8,(anonymous_1)
FNDA:2,(anonymous_2)
FNDA:32,(anonymous_3)
DA:1,1
DA:2,1
DA:3,1
DA:4,1
DA:5,1
DA:8,1
DA:9,19
DA:10,18
DA:12,18
DA:13,8
DA:14,8
DA:15,8
DA:18,18
DA:19,2
DA:20,2
DA:21,32
DA:29,2
DA:30,2
DA:31,2
DA:32,2
DA:35,18
DA:53,1
LF:22
LH:22
BRDA:13,0,0,8
BRDA:13,0,1,0
BRDA:22,1,0,32
BRDA:22,1,1,32
BRDA:22,1,2,31
BRDA:22,1,3,31
BRDA:22,1,4,31
BRF:7
BRH:6
end_of_record
TN:
SF:src\pages\home\data.tsx
FNF:0
FNH:0
DA:1,1
DA:577,1
DA:578,1
LF:3
LH:3
BRF:0
BRH:0
end_of_record
TN:
SF:src\pages\home\home.tsx
FN:3,(anonymous_1)
FNF:1
FNH:1
FNDA:5,(anonymous_1)
DA:1,1
DA:3,1
DA:4,5
DA:11,1
LF:4
LH:4
BRF:0
BRH:0
end_of_record
TN:
SF:src\pages\home\item.tsx
FN:5,(anonymous_0)
FNF:1
FNH:1
FNDA:214,(anonymous_0)
DA:1,1
DA:4,1
DA:6,214
DA:21,1
LF:4
LH:4
BRF:0
BRH:0
end_of_record
TN:
SF:src\pages\home\items.tsx
FN:6,(anonymous_1)
FN:9,(anonymous_2)
FNF:2
FNH:2
FNDA:18,(anonymous_1)
FNDA:213,(anonymous_2)
DA:1,1
DA:3,1
DA:5,1
DA:7,18
DA:10,213
DA:17,1
LF:6
LH:6
BRF:0
BRH:0
end_of_record
TN:
SF:src\pages\notFound\notfoundpage.tsx
FN:2,(anonymous_0)
FNF:1
FNH:1
FNDA:1,(anonymous_0)
DA:1,1
DA:2,1
DA:3,1
DA:10,1
LF:4
LH:4
BRF:0
BRH:0
end_of_record
