TN:
SF:src\App.tsx
FN:9,App
FNF:1
FNH:1
FNDA:4,App
DA:1,1
DA:2,1
DA:3,1
DA:4,1
DA:5,1
DA:6,1
DA:7,1
DA:10,4
DA:32,1
LF:9
LH:9
BRF:0
BRH:0
end_of_record
TN:
SF:src\main.tsx
FNF:0
FNH:0
DA:1,0
DA:2,0
DA:4,0
DA:5,0
DA:6,0
DA:7,0
DA:9,0
LF:7
LH:0
BRF:0
BRH:0
end_of_record
TN:
SF:src\pages\aboutUs\about.tsx
FN:1,(anonymous_0)
FNF:1
FNH:1
FNDA:1,(anonymous_0)
DA:1,1
DA:2,1
DA:13,1
LF:3
LH:3
BRF:0
BRH:0
end_of_record
TN:
SF:src\pages\form\authClass.tsx
FN:29,(anonymous_1)
FN:36,(anonymous_2)
FN:86,(anonymous_3)
FN:100,(anonymous_4)
FN:106,(anonymous_5)
FN:111,(anonymous_6)
FN:135,(anonymous_7)
FNF:7
FNH:5
FNDA:2,(anonymous_1)
FNDA:3,(anonymous_2)
FNDA:0,(anonymous_3)
FNDA:42,(anonymous_4)
FNDA:6,(anonymous_5)
FNDA:0,(anonymous_6)
FNDA:6,(anonymous_7)
DA:1,1
DA:2,1
DA:6,4
DA:7,4
DA:8,4
DA:9,4
DA:10,4
DA:14,4
DA:15,4
DA:17,4
DA:29,4
DA:30,2
DA:31,2
DA:36,3
DA:41,2
DA:42,2
DA:43,1
DA:44,1
DA:45,0
DA:48,2
DA:49,1
DA:52,2
DA:53,1
DA:56,2
DA:57,1
DA:60,2
DA:61,2
DA:64,2
DA:65,2
DA:68,2
DA:69,2
DA:72,2
DA:73,2
DA:74,2
DA:77,0
DA:79,0
DA:81,0
DA:82,0
DA:83,0
DA:86,0
DA:97,0
DA:98,0
DA:100,4
DA:101,42
DA:102,42
DA:103,10
DA:106,4
DA:107,6
DA:109,6
DA:112,0
DA:136,6
DA:218,1
LF:52
LH:42
BRDA:32,0,0,2
BRDA:32,0,1,0
BRDA:33,1,0,2
BRDA:33,1,1,0
BRDA:34,2,0,2
BRDA:34,2,1,0
BRDA:35,3,0,2
BRDA:35,3,1,0
BRDA:36,4,0,2
BRDA:36,4,1,1
BRDA:37,5,0,2
BRDA:37,5,1,0
BRDA:38,6,0,2
BRDA:38,6,1,2
BRDA:42,7,0,1
BRDA:42,7,1,1
BRDA:44,8,0,0
BRDA:48,9,0,1
BRDA:52,10,0,1
BRDA:56,11,0,1
BRDA:60,12,0,2
BRDA:64,13,0,2
BRDA:68,14,0,2
BRDA:72,15,0,2
BRDA:81,16,0,0
BRDA:102,17,0,10
BRF:26
BRH:19
end_of_record
TN:
SF:src\pages\form\form.tsx
FN:3,(anonymous_1)
FNF:1
FNH:1
FNDA:1,(anonymous_1)
DA:1,1
DA:3,1
DA:4,1
DA:11,1
LF:4
LH:4
BRF:0
BRH:0
end_of_record
TN:
SF:src\pages\home\cardClass.tsx
FN:9,(anonymous_1)
FN:18,(anonymous_2)
FN:21,(anonymous_3)
FN:35,(anonymous_4)
FNF:4
FNH:2
FNDA:3,(anonymous_1)
FNDA:0,(anonymous_2)
FNDA:0,(anonymous_3)
FNDA:3,(anonymous_4)
DA:1,1
DA:2,1
DA:3,1
DA:4,1
DA:5,1
DA:8,1
DA:10,3
DA:11,3
DA:12,3
DA:18,3
DA:19,0
DA:20,0
DA:21,0
DA:22,0
DA:30,0
DA:31,0
DA:32,0
DA:33,0
DA:36,3
DA:37,3
DA:56,1
LF:21
LH:13
BRDA:11,0,0,3
BRDA:11,0,1,0
BRDA:23,1,0,0
BRDA:23,1,1,0
BRDA:23,1,2,0
BRDA:23,1,3,0
BRDA:23,1,4,0
BRF:7
BRH:1
end_of_record
TN:
SF:src\pages\home\data.tsx
FNF:0
FNH:0
DA:1,1
DA:577,1
DA:578,1
LF:3
LH:3
BRF:0
BRH:0
end_of_record
TN:
SF:src\pages\home\home.tsx
FN:3,(anonymous_0)
FNF:1
FNH:1
FNDA:3,(anonymous_0)
DA:1,1
DA:3,1
DA:4,3
DA:11,1
LF:4
LH:4
BRF:0
BRH:0
end_of_record
TN:
SF:src\pages\home\item.tsx
FN:5,(anonymous_0)
FNF:1
FNH:1
FNDA:91,(anonymous_0)
DA:1,1
DA:4,1
DA:6,91
DA:21,1
LF:4
LH:4
BRF:0
BRH:0
end_of_record
TN:
SF:src\pages\home\items.tsx
FN:6,(anonymous_1)
FN:9,(anonymous_2)
FNF:2
FNH:2
FNDA:3,(anonymous_1)
FNDA:90,(anonymous_2)
DA:1,1
DA:3,1
DA:5,1
DA:7,3
DA:10,90
DA:17,1
LF:6
LH:6
BRF:0
BRH:0
end_of_record
TN:
SF:src\pages\notFound\notfoundpage.tsx
FN:2,(anonymous_0)
FNF:1
FNH:1
FNDA:1,(anonymous_0)
DA:1,1
DA:2,1
DA:3,1
DA:10,1
LF:4
LH:4
BRF:0
BRH:0
end_of_record
